<?xml version="1.0" encoding="UTF-8"?>
<!-- Generated by org.testng.reporters.JUnitReportReporter -->
<testsuite skipped="0" hostname="KOD-ANZ-IC057" name="com.wipro.testcases.TC_02_SearchProduct" tests="1" failures="0" timestamp="24 Oct 2018 06:28:54 GMT" time="0.005" errors="0">
  <testcase name="Search" time="0.005" classname="com.wipro.testcases.TC_02_SearchProduct"/>
</testsuite> <!-- com.wipro.testcases.TC_02_SearchProduct -->
